[2018-07-12T14:53:20.575] [DEBUG] debug - /home/hcsadmin/code/node_modules/quicky/q-apps/extension.js { Error: Param 'username' is missing
    at Object.raise (:1:1)
    at Object.validateRequire (2:15)
    at module.exports (/home/hcsadmin/code/node_modules/quicky/q-system/libs.signIn.js:34:25)
    at Object.post (/home/hcsadmin/code/apps/admin/controllers/login.js:34:45)
    at /home/hcsadmin/code/node_modules/quicky/q-controller/index.js:34:10
    at Object.load (/home/hcsadmin/code/apps/admin/controllers/login.js:34:10)
    at Object./home/hcsadmin/code/apps/admin/controllers/login (/home/hcsadmin/code/node_modules/quicky/q-controller/index.js:34:10)
    at execHandlerByPath (/home/hcsadmin/code/node_modules/quicky/q-apps/extension.js:34:25)
    at /home/hcsadmin/code/node_modules/quicky/q-apps/extension.js:34:34
    at Object.authenticate (/home/hcsadmin/code/apps/admin/index.js:28:10)
    at owner.handler (/home/hcsadmin/code/node_modules/quicky/q-apps/extension.js:34:45)
    at Layer.handle [as handle_request] (/home/hcsadmin/code/node_modules/express/lib/router/layer.js:34:3)
    at next (/home/hcsadmin/code/node_modules/express/lib/router/route.js:34:10)
    at Route.dispatch (/home/hcsadmin/code/node_modules/express/lib/router/route.js:34:3)
    at Layer.handle [as handle_request] (/home/hcsadmin/code/node_modules/express/lib/router/layer.js:34:3)
    at /home/hcsadmin/code/node_modules/express/lib/router/index.js:34:10
    at Function.process_params (/home/hcsadmin/code/node_modules/express/lib/router/index.js:34:10)
    at next (/home/hcsadmin/code/node_modules/express/lib/router/index.js:34:10)
    at Function.handle (/home/hcsadmin/code/node_modules/express/lib/router/index.js:34:3)
    at router (/home/hcsadmin/code/node_modules/express/lib/router/index.js:34:10)
    at Layer.handle [as handle_request] (/home/hcsadmin/code/node_modules/express/lib/router/layer.js:34:3)
    at trim_prefix (/home/hcsadmin/code/node_modules/express/lib/router/index.js:34:10)
    at /home/hcsadmin/code/node_modules/express/lib/router/index.js:34:3
    at Function.process_params (/home/hcsadmin/code/node_modules/express/lib/router/index.js:34:10)
    at next (/home/hcsadmin/code/node_modules/express/lib/router/index.js:34:10)
    at /home/hcsadmin/code/node_modules/express/lib/router/index.js:34:10
    at next (/home/hcsadmin/code/node_modules/express/lib/router/index.js:34:10)
    at Function.handle (/home/hcsadmin/code/node_modules/express/lib/router/index.js:34:3)
    at router (/home/hcsadmin/code/node_modules/express/lib/router/index.js:34:10)
    at Layer.handle [as handle_request] (/home/hcsadmin/code/node_modules/express/lib/router/layer.js:34:3)
    at trim_prefix (/home/hcsadmin/code/node_modules/express/lib/router/index.js:34:10)
    at /home/hcsadmin/code/node_modules/express/lib/router/index.js:34:3
    at Function.process_params (/home/hcsadmin/code/node_modules/express/lib/router/index.js:34:10)
    at next (/home/hcsadmin/code/node_modules/express/lib/router/index.js:34:10)
    at Function.handle (/home/hcsadmin/code/node_modules/express/lib/router/index.js:34:3)
    at router (/home/hcsadmin/code/node_modules/express/lib/router/index.js:34:10)
    at Layer.handle [as handle_request] (/home/hcsadmin/code/node_modules/express/lib/router/layer.js:34:3)
    at trim_prefix (/home/hcsadmin/code/node_modules/express/lib/router/index.js:34:10)
    at /home/hcsadmin/code/node_modules/express/lib/router/index.js:34:3
    at Function.process_params (/home/hcsadmin/code/node_modules/express/lib/router/index.js:34:10)
    at next (/home/hcsadmin/code/node_modules/express/lib/router/index.js:34:10)
    at IncomingMessage.<anonymous> (/home/hcsadmin/code/node_modules/quicky/q-apps/index.js:34:10)
    at emitNone (events.js:34:10)
    at IncomingMessage.emit (events.js:34:3)
    at endReadableNT (_stream_readable.js:34:10)
    at _combinedTickCallback (internal/process/next_tick.js:34:10)
    at process._tickCallback (internal/process/next_tick.js:34:3)
 name: 'ParameterIsMissing', paramName: 'username' }
[2018-07-12T14:53:55.879] [DEBUG] debug - /home/hcsadmin/code/node_modules/quicky/q-apps/extension.js { Error: Param 'username' is missing
    at Object.raise (:1:1)
    at Object.validateRequire (2:15)
    at module.exports (/home/hcsadmin/code/node_modules/quicky/q-system/libs.signIn.js:34:25)
    at Object.post (/home/hcsadmin/code/apps/admin/controllers/login.js:34:45)
    at /home/hcsadmin/code/node_modules/quicky/q-controller/index.js:34:10
    at Object.load (/home/hcsadmin/code/apps/admin/controllers/login.js:34:10)
    at Object./home/hcsadmin/code/apps/admin/controllers/login (/home/hcsadmin/code/node_modules/quicky/q-controller/index.js:34:10)
    at execHandlerByPath (/home/hcsadmin/code/node_modules/quicky/q-apps/extension.js:34:25)
    at /home/hcsadmin/code/node_modules/quicky/q-apps/extension.js:34:34
    at Object.authenticate (/home/hcsadmin/code/apps/admin/index.js:28:10)
    at owner.handler (/home/hcsadmin/code/node_modules/quicky/q-apps/extension.js:34:45)
    at Layer.handle [as handle_request] (/home/hcsadmin/code/node_modules/express/lib/router/layer.js:34:3)
    at next (/home/hcsadmin/code/node_modules/express/lib/router/route.js:34:10)
    at Route.dispatch (/home/hcsadmin/code/node_modules/express/lib/router/route.js:34:3)
    at Layer.handle [as handle_request] (/home/hcsadmin/code/node_modules/express/lib/router/layer.js:34:3)
    at /home/hcsadmin/code/node_modules/express/lib/router/index.js:34:10
    at Function.process_params (/home/hcsadmin/code/node_modules/express/lib/router/index.js:34:10)
    at next (/home/hcsadmin/code/node_modules/express/lib/router/index.js:34:10)
    at Function.handle (/home/hcsadmin/code/node_modules/express/lib/router/index.js:34:3)
    at router (/home/hcsadmin/code/node_modules/express/lib/router/index.js:34:10)
    at Layer.handle [as handle_request] (/home/hcsadmin/code/node_modules/express/lib/router/layer.js:34:3)
    at trim_prefix (/home/hcsadmin/code/node_modules/express/lib/router/index.js:34:10)
    at /home/hcsadmin/code/node_modules/express/lib/router/index.js:34:3
    at Function.process_params (/home/hcsadmin/code/node_modules/express/lib/router/index.js:34:10)
    at next (/home/hcsadmin/code/node_modules/express/lib/router/index.js:34:10)
    at /home/hcsadmin/code/node_modules/express/lib/router/index.js:34:10
    at next (/home/hcsadmin/code/node_modules/express/lib/router/index.js:34:10)
    at Function.handle (/home/hcsadmin/code/node_modules/express/lib/router/index.js:34:3)
    at router (/home/hcsadmin/code/node_modules/express/lib/router/index.js:34:10)
    at Layer.handle [as handle_request] (/home/hcsadmin/code/node_modules/express/lib/router/layer.js:34:3)
    at trim_prefix (/home/hcsadmin/code/node_modules/express/lib/router/index.js:34:10)
    at /home/hcsadmin/code/node_modules/express/lib/router/index.js:34:3
    at Function.process_params (/home/hcsadmin/code/node_modules/express/lib/router/index.js:34:10)
    at next (/home/hcsadmin/code/node_modules/express/lib/router/index.js:34:10)
    at Function.handle (/home/hcsadmin/code/node_modules/express/lib/router/index.js:34:3)
    at router (/home/hcsadmin/code/node_modules/express/lib/router/index.js:34:10)
    at Layer.handle [as handle_request] (/home/hcsadmin/code/node_modules/express/lib/router/layer.js:34:3)
    at trim_prefix (/home/hcsadmin/code/node_modules/express/lib/router/index.js:34:10)
    at /home/hcsadmin/code/node_modules/express/lib/router/index.js:34:3
    at Function.process_params (/home/hcsadmin/code/node_modules/express/lib/router/index.js:34:10)
    at next (/home/hcsadmin/code/node_modules/express/lib/router/index.js:34:10)
    at IncomingMessage.<anonymous> (/home/hcsadmin/code/node_modules/quicky/q-apps/index.js:34:10)
    at emitNone (events.js:34:10)
    at IncomingMessage.emit (events.js:34:3)
    at endReadableNT (_stream_readable.js:34:10)
    at _combinedTickCallback (internal/process/next_tick.js:34:10)
    at process._tickCallback (internal/process/next_tick.js:34:3)
 name: 'ParameterIsMissing', paramName: 'username' }
[2018-07-12T14:54:47.750] [DEBUG] debug - /home/hcsadmin/code/node_modules/quicky/q-apps/extension.js { Error: Param 'username' is missing
    at Object.raise (:1:1)
    at Object.validateRequire (2:15)
    at module.exports (/home/hcsadmin/code/node_modules/quicky/q-system/libs.signIn.js:34:25)
    at Object.post (/home/hcsadmin/code/apps/admin/controllers/login.js:34:45)
    at /home/hcsadmin/code/node_modules/quicky/q-controller/index.js:34:10
    at Object.load (/home/hcsadmin/code/apps/admin/controllers/login.js:34:10)
    at Object./home/hcsadmin/code/apps/admin/controllers/login (/home/hcsadmin/code/node_modules/quicky/q-controller/index.js:34:10)
    at execHandlerByPath (/home/hcsadmin/code/node_modules/quicky/q-apps/extension.js:34:25)
    at /home/hcsadmin/code/node_modules/quicky/q-apps/extension.js:34:34
    at Object.authenticate (/home/hcsadmin/code/apps/admin/index.js:28:10)
    at owner.handler (/home/hcsadmin/code/node_modules/quicky/q-apps/extension.js:34:45)
    at Layer.handle [as handle_request] (/home/hcsadmin/code/node_modules/express/lib/router/layer.js:34:3)
    at next (/home/hcsadmin/code/node_modules/express/lib/router/route.js:34:10)
    at Route.dispatch (/home/hcsadmin/code/node_modules/express/lib/router/route.js:34:3)
    at Layer.handle [as handle_request] (/home/hcsadmin/code/node_modules/express/lib/router/layer.js:34:3)
    at /home/hcsadmin/code/node_modules/express/lib/router/index.js:34:10
    at Function.process_params (/home/hcsadmin/code/node_modules/express/lib/router/index.js:34:10)
    at next (/home/hcsadmin/code/node_modules/express/lib/router/index.js:34:10)
    at Function.handle (/home/hcsadmin/code/node_modules/express/lib/router/index.js:34:3)
    at router (/home/hcsadmin/code/node_modules/express/lib/router/index.js:34:10)
    at Layer.handle [as handle_request] (/home/hcsadmin/code/node_modules/express/lib/router/layer.js:34:3)
    at trim_prefix (/home/hcsadmin/code/node_modules/express/lib/router/index.js:34:10)
    at /home/hcsadmin/code/node_modules/express/lib/router/index.js:34:3
    at Function.process_params (/home/hcsadmin/code/node_modules/express/lib/router/index.js:34:10)
    at next (/home/hcsadmin/code/node_modules/express/lib/router/index.js:34:10)
    at /home/hcsadmin/code/node_modules/express/lib/router/index.js:34:10
    at next (/home/hcsadmin/code/node_modules/express/lib/router/index.js:34:10)
    at Function.handle (/home/hcsadmin/code/node_modules/express/lib/router/index.js:34:3)
    at router (/home/hcsadmin/code/node_modules/express/lib/router/index.js:34:10)
    at Layer.handle [as handle_request] (/home/hcsadmin/code/node_modules/express/lib/router/layer.js:34:3)
    at trim_prefix (/home/hcsadmin/code/node_modules/express/lib/router/index.js:34:10)
    at /home/hcsadmin/code/node_modules/express/lib/router/index.js:34:3
    at Function.process_params (/home/hcsadmin/code/node_modules/express/lib/router/index.js:34:10)
    at next (/home/hcsadmin/code/node_modules/express/lib/router/index.js:34:10)
    at Function.handle (/home/hcsadmin/code/node_modules/express/lib/router/index.js:34:3)
    at router (/home/hcsadmin/code/node_modules/express/lib/router/index.js:34:10)
    at Layer.handle [as handle_request] (/home/hcsadmin/code/node_modules/express/lib/router/layer.js:34:3)
    at trim_prefix (/home/hcsadmin/code/node_modules/express/lib/router/index.js:34:10)
    at /home/hcsadmin/code/node_modules/express/lib/router/index.js:34:3
    at Function.process_params (/home/hcsadmin/code/node_modules/express/lib/router/index.js:34:10)
    at next (/home/hcsadmin/code/node_modules/express/lib/router/index.js:34:10)
    at IncomingMessage.<anonymous> (/home/hcsadmin/code/node_modules/quicky/q-apps/index.js:34:10)
    at emitNone (events.js:34:10)
    at IncomingMessage.emit (events.js:34:3)
    at endReadableNT (_stream_readable.js:34:10)
    at _combinedTickCallback (internal/process/next_tick.js:34:10)
    at process._tickCallback (internal/process/next_tick.js:34:3)
 name: 'ParameterIsMissing', paramName: 'username' }
[2018-07-12T14:55:06.788] [DEBUG] debug - /home/hcsadmin/code/node_modules/quicky/q-apps/extension.js { Error: Param 'username' is missing
    at Object.raise (:1:1)
    at Object.validateRequire (2:15)
    at module.exports (/home/hcsadmin/code/node_modules/quicky/q-system/libs.signIn.js:34:25)
    at Object.post (/home/hcsadmin/code/apps/admin/controllers/login.js:34:45)
    at /home/hcsadmin/code/node_modules/quicky/q-controller/index.js:34:10
    at Object.load (/home/hcsadmin/code/apps/admin/controllers/login.js:34:10)
    at Object./home/hcsadmin/code/apps/admin/controllers/login (/home/hcsadmin/code/node_modules/quicky/q-controller/index.js:34:10)
    at execHandlerByPath (/home/hcsadmin/code/node_modules/quicky/q-apps/extension.js:34:25)
    at /home/hcsadmin/code/node_modules/quicky/q-apps/extension.js:34:34
    at Object.authenticate (/home/hcsadmin/code/apps/admin/index.js:28:10)
    at owner.handler (/home/hcsadmin/code/node_modules/quicky/q-apps/extension.js:34:45)
    at Layer.handle [as handle_request] (/home/hcsadmin/code/node_modules/express/lib/router/layer.js:34:3)
    at next (/home/hcsadmin/code/node_modules/express/lib/router/route.js:34:10)
    at Route.dispatch (/home/hcsadmin/code/node_modules/express/lib/router/route.js:34:3)
    at Layer.handle [as handle_request] (/home/hcsadmin/code/node_modules/express/lib/router/layer.js:34:3)
    at /home/hcsadmin/code/node_modules/express/lib/router/index.js:34:10
    at Function.process_params (/home/hcsadmin/code/node_modules/express/lib/router/index.js:34:10)
    at next (/home/hcsadmin/code/node_modules/express/lib/router/index.js:34:10)
    at Function.handle (/home/hcsadmin/code/node_modules/express/lib/router/index.js:34:3)
    at router (/home/hcsadmin/code/node_modules/express/lib/router/index.js:34:10)
    at Layer.handle [as handle_request] (/home/hcsadmin/code/node_modules/express/lib/router/layer.js:34:3)
    at trim_prefix (/home/hcsadmin/code/node_modules/express/lib/router/index.js:34:10)
    at /home/hcsadmin/code/node_modules/express/lib/router/index.js:34:3
    at Function.process_params (/home/hcsadmin/code/node_modules/express/lib/router/index.js:34:10)
    at next (/home/hcsadmin/code/node_modules/express/lib/router/index.js:34:10)
    at /home/hcsadmin/code/node_modules/express/lib/router/index.js:34:10
    at next (/home/hcsadmin/code/node_modules/express/lib/router/index.js:34:10)
    at Function.handle (/home/hcsadmin/code/node_modules/express/lib/router/index.js:34:3)
    at router (/home/hcsadmin/code/node_modules/express/lib/router/index.js:34:10)
    at Layer.handle [as handle_request] (/home/hcsadmin/code/node_modules/express/lib/router/layer.js:34:3)
    at trim_prefix (/home/hcsadmin/code/node_modules/express/lib/router/index.js:34:10)
    at /home/hcsadmin/code/node_modules/express/lib/router/index.js:34:3
    at Function.process_params (/home/hcsadmin/code/node_modules/express/lib/router/index.js:34:10)
    at next (/home/hcsadmin/code/node_modules/express/lib/router/index.js:34:10)
    at Function.handle (/home/hcsadmin/code/node_modules/express/lib/router/index.js:34:3)
    at router (/home/hcsadmin/code/node_modules/express/lib/router/index.js:34:10)
    at Layer.handle [as handle_request] (/home/hcsadmin/code/node_modules/express/lib/router/layer.js:34:3)
    at trim_prefix (/home/hcsadmin/code/node_modules/express/lib/router/index.js:34:10)
    at /home/hcsadmin/code/node_modules/express/lib/router/index.js:34:3
    at Function.process_params (/home/hcsadmin/code/node_modules/express/lib/router/index.js:34:10)
    at next (/home/hcsadmin/code/node_modules/express/lib/router/index.js:34:10)
    at IncomingMessage.<anonymous> (/home/hcsadmin/code/node_modules/quicky/q-apps/index.js:34:10)
    at emitNone (events.js:34:10)
    at IncomingMessage.emit (events.js:34:3)
    at endReadableNT (_stream_readable.js:34:10)
    at _combinedTickCallback (internal/process/next_tick.js:34:10)
    at process._tickCallback (internal/process/next_tick.js:34:3)
 name: 'ParameterIsMissing', paramName: 'username' }
[2018-07-12T15:00:40.483] [DEBUG] debug - /home/hcsadmin/code/node_modules/quicky/q-apps/extension.js { Error: Cannot find module '/home/hcsadmin/code/apps/admin/controllers/signout'
    at Function.Module._resolveFilename (module.js:13:10)
    at Function.Module._load (module.js:13:25)
    at Module.require (module.js:13:10)
    at require (internal/module.js:10:17)
    at execHandlerByPath (/home/hcsadmin/code/node_modules/quicky/q-apps/extension.js:13:25)
    at /home/hcsadmin/code/node_modules/quicky/q-apps/extension.js:13:34
    at Object.authenticate (/home/hcsadmin/code/apps/admin/index.js:13:3)
    at owner.handler (/home/hcsadmin/code/node_modules/quicky/q-apps/extension.js:13:45)
    at Layer.handle [as handle_request] (/home/hcsadmin/code/node_modules/express/lib/router/layer.js:13:3)
    at next (/home/hcsadmin/code/node_modules/express/lib/router/route.js:13:10)
    at Route.dispatch (/home/hcsadmin/code/node_modules/express/lib/router/route.js:13:3)
    at Layer.handle [as handle_request] (/home/hcsadmin/code/node_modules/express/lib/router/layer.js:13:3)
    at /home/hcsadmin/code/node_modules/express/lib/router/index.js:13:10
    at Function.process_params (/home/hcsadmin/code/node_modules/express/lib/router/index.js:13:10)
    at next (/home/hcsadmin/code/node_modules/express/lib/router/index.js:13:10)
    at Function.handle (/home/hcsadmin/code/node_modules/express/lib/router/index.js:13:3)
    at router (/home/hcsadmin/code/node_modules/express/lib/router/index.js:13:10)
    at Layer.handle [as handle_request] (/home/hcsadmin/code/node_modules/express/lib/router/layer.js:13:3)
    at trim_prefix (/home/hcsadmin/code/node_modules/express/lib/router/index.js:13:10)
    at /home/hcsadmin/code/node_modules/express/lib/router/index.js:13:3
    at Function.process_params (/home/hcsadmin/code/node_modules/express/lib/router/index.js:13:10)
    at next (/home/hcsadmin/code/node_modules/express/lib/router/index.js:13:10)
    at /home/hcsadmin/code/node_modules/express/lib/router/index.js:13:10
    at next (/home/hcsadmin/code/node_modules/express/lib/router/index.js:13:10)
    at Function.handle (/home/hcsadmin/code/node_modules/express/lib/router/index.js:13:3)
    at router (/home/hcsadmin/code/node_modules/express/lib/router/index.js:13:10)
    at Layer.handle [as handle_request] (/home/hcsadmin/code/node_modules/express/lib/router/layer.js:13:3)
    at trim_prefix (/home/hcsadmin/code/node_modules/express/lib/router/index.js:13:10)
    at /home/hcsadmin/code/node_modules/express/lib/router/index.js:13:3
    at Function.process_params (/home/hcsadmin/code/node_modules/express/lib/router/index.js:13:10)
    at next (/home/hcsadmin/code/node_modules/express/lib/router/index.js:13:10)
    at Function.handle (/home/hcsadmin/code/node_modules/express/lib/router/index.js:13:3)
    at router (/home/hcsadmin/code/node_modules/express/lib/router/index.js:13:10)
    at Layer.handle [as handle_request] (/home/hcsadmin/code/node_modules/express/lib/router/layer.js:13:3)
    at trim_prefix (/home/hcsadmin/code/node_modules/express/lib/router/index.js:13:10)
    at /home/hcsadmin/code/node_modules/express/lib/router/index.js:13:3
    at Function.process_params (/home/hcsadmin/code/node_modules/express/lib/router/index.js:13:10)
    at next (/home/hcsadmin/code/node_modules/express/lib/router/index.js:13:10)
    at /home/hcsadmin/code/node_modules/quicky/q-apps/index.js:13:10
    at Layer.handle [as handle_request] (/home/hcsadmin/code/node_modules/express/lib/router/layer.js:13:3)
    at trim_prefix (/home/hcsadmin/code/node_modules/express/lib/router/index.js:13:10)
    at /home/hcsadmin/code/node_modules/express/lib/router/index.js:13:3
    at Function.process_params (/home/hcsadmin/code/node_modules/express/lib/router/index.js:13:10)
    at next (/home/hcsadmin/code/node_modules/express/lib/router/index.js:13:10)
    at Immediate.<anonymous> (/home/hcsadmin/code/node_modules/express-session/index.js:13:3)
    at runCallback (timers.js:13:10)
    at tryOnImmediate (timers.js:13:3)
    at processImmediate [as _immediateCallback] (timers.js:13:3)
 code: 'MODULE_NOT_FOUND' }
[2018-07-12T15:01:46.116] [DEBUG] debug - /home/hcsadmin/code/node_modules/quicky/q-apps/extension.js ./home/hcsadmin/code/apps/admin/controllers/signout (/home/hcsadmin/code/node_modules/quicky/q-controller/index.js:13:10)
    at execHandlerByPath (/home/hcsadmin/code/node_modules/quicky/q-apps/extension.js:13:25)
    at /home/hcsadmin/code/node_modules/quicky/q-apps/extension.js:13:34
    at Object.authenticate (/home/hcsadmin/code/apps/admin/index.js:13:3)
    at owner.handler (/home/hcsadmin/code/node_modules/quicky/q-apps/extension.js:13:45)
    at Layer.handle [as handle_request] (/home/hcsadmin/code/node_modules/express/lib/router/layer.js:13:3)
    at next (/home/hcsadmin/code/node_modules/express/lib/router/route.js:13:10)
    at Route.dispatch (/home/hcsadmin/code/node_modules/express/lib/router/route.js:13:3)
    at Layer.handle [as handle_request] (/home/hcsadmin/code/node_modules/express/lib/router/layer.js:13:3)
    at /home/hcsadmin/code/node_modules/express/lib/router/index.js:13:10
    at Function.process_params (/home/hcsadmin/code/node_modules/express/lib/router/index.js:13:10)
    at next (/home/hcsadmin/code/node_modules/express/lib/router/index.js:13:10)
    at Function.handle (/home/hcsadmin/code/node_modules/express/lib/router/index.js:13:3)
    at router (/home/hcsadmin/code/node_modules/express/lib/router/index.js:13:10)
    at Layer.handle [as handle_request] (/home/hcsadmin/code/node_modules/express/lib/router/layer.js:13:3)
    at trim_prefix (/home/hcsadmin/code/node_modules/express/lib/router/index.js:13:10)
    at /home/hcsadmin/code/node_modules/express/lib/router/index.js:13:3
    at Function.process_params (/home/hcsadmin/code/node_modules/express/lib/router/index.js:13:10)
    at next (/home/hcsadmin/code/node_modules/express/lib/router/index.js:13:10)
    at /home/hcsadmin/code/node_modules/express/lib/router/index.js:13:10
    at next (/home/hcsadmin/code/node_modules/express/lib/router/index.js:13:10)
    at Function.handle (/home/hcsadmin/code/node_modules/express/lib/router/index.js:13:3)
    at router (/home/hcsadmin/code/node_modules/express/lib/router/index.js:13:10)
    at Layer.handle [as handle_request] (/home/hcsadmin/code/node_modules/express/lib/router/layer.js:13:3)
    at trim_prefix (/home/hcsadmin/code/node_modules/express/lib/router/index.js:13:10)
    at /home/hcsadmin/code/node_modules/express/lib/router/index.js:13:3
    at Function.process_params (/home/hcsadmin/code/node_modules/express/lib/router/index.js:13:10)
    at next (/home/hcsadmin/code/node_modules/express/lib/router/index.js:13:10)
    at Function.handle (/home/hcsadmin/code/node_modules/express/lib/router/index.js:13:3)
    at router (/home/hcsadmin/code/node_modules/express/lib/router/index.js:13:10)
    at Layer.handle [as handle_request] (/home/hcsadmin/code/node_modules/express/lib/router/layer.js:13:3)
    at trim_prefix (/home/hcsadmin/code/node_modules/express/lib/router/index.js:13:10)
    at /home/hcsadmin/code/node_modules/express/lib/router/index.js:13:3
    at Function.process_params (/home/hcsadmin/code/node_modules/express/lib/router/index.js:13:10)
    at next (/home/hcsadmin/code/node_modules/express/lib/router/index.js:13:10)
    at /home/hcsadmin/code/node_modules/quicky/q-apps/index.js:13:10
    at Layer.handle [as handle_request] (/home/hcsadmin/code/node_modules/express/lib/router/layer.js:13:3)
    at trim_prefix (/home/hcsadmin/code/node_modules/express/lib/router/index.js:13:10)
    at /home/hcsadmin/code/node_modules/express/lib/router/index.js:13:3
    at Function.process_params (/home/hcsadmin/code/node_modules/express/lib/router/index.js:13:10)
    at next (/home/hcsadmin/code/node_modules/express/lib/router/index.js:13:10)
    at Immediate.<anonymous> (/home/hcsadmin/code/node_modules/express-session/index.js:13:3)
    at runCallback (timers.js:13:10)
    at tryOnImmediate (timers.js:13:3)
    at processImmediate [as _immediateCallback] (timers.js:13:3)

[2018-07-12T15:02:03.569] [DEBUG] debug - /home/hcsadmin/code/node_modules/quicky/q-apps/extension.js Error: Error: Failed to load template /home/hcsadmin/code/apps/admin/views/signout.html
    at Object.sync (/home/hcsadmin/code/node_modules/quicky/q-sync/index.js:13:10)
    at IncomingMessage.req.render (/home/hcsadmin/code/node_modules/quicky/q-apps/extension-request.js:13:25)
    at Object./home/hcsadmin/code/apps/admin/controllers/signout (/home/hcsadmin/code/node_modules/quicky/q-controller/index.js:13:25)
    at execHandlerByPath (/home/hcsadmin/code/node_modules/quicky/q-apps/extension.js:13:25)
    at /home/hcsadmin/code/node_modules/quicky/q-apps/extension.js:13:34
    at Object.authenticate (/home/hcsadmin/code/apps/admin/index.js:13:3)
    at owner.handler (/home/hcsadmin/code/node_modules/quicky/q-apps/extension.js:13:45)
    at Layer.handle [as handle_request] (/home/hcsadmin/code/node_modules/express/lib/router/layer.js:13:3)
    at next (/home/hcsadmin/code/node_modules/express/lib/router/route.js:13:10)
    at Route.dispatch (/home/hcsadmin/code/node_modules/express/lib/router/route.js:13:3)
    at Layer.handle [as handle_request] (/home/hcsadmin/code/node_modules/express/lib/router/layer.js:13:3)
    at /home/hcsadmin/code/node_modules/express/lib/router/index.js:13:10
    at Function.process_params (/home/hcsadmin/code/node_modules/express/lib/router/index.js:13:10)
    at next (/home/hcsadmin/code/node_modules/express/lib/router/index.js:13:10)
    at Function.handle (/home/hcsadmin/code/node_modules/express/lib/router/index.js:13:3)
    at router (/home/hcsadmin/code/node_modules/express/lib/router/index.js:13:10)
    at Layer.handle [as handle_request] (/home/hcsadmin/code/node_modules/express/lib/router/layer.js:13:3)
    at trim_prefix (/home/hcsadmin/code/node_modules/express/lib/router/index.js:13:10)
    at /home/hcsadmin/code/node_modules/express/lib/router/index.js:13:3
    at Function.process_params (/home/hcsadmin/code/node_modules/express/lib/router/index.js:13:10)
    at next (/home/hcsadmin/code/node_modules/express/lib/router/index.js:13:10)
    at /home/hcsadmin/code/node_modules/express/lib/router/index.js:13:10
    at next (/home/hcsadmin/code/node_modules/express/lib/router/index.js:13:10)
    at Function.handle (/home/hcsadmin/code/node_modules/express/lib/router/index.js:13:3)
    at router (/home/hcsadmin/code/node_modules/express/lib/router/index.js:13:10)
    at Layer.handle [as handle_request] (/home/hcsadmin/code/node_modules/express/lib/router/layer.js:13:3)
    at trim_prefix (/home/hcsadmin/code/node_modules/express/lib/router/index.js:13:10)
    at /home/hcsadmin/code/node_modules/express/lib/router/index.js:13:3
    at Function.process_params (/home/hcsadmin/code/node_modules/express/lib/router/index.js:13:10)
    at next (/home/hcsadmin/code/node_modules/express/lib/router/index.js:13:10)
    at Function.handle (/home/hcsadmin/code/node_modules/express/lib/router/index.js:13:3)
    at router (/home/hcsadmin/code/node_modules/express/lib/router/index.js:13:10)
    at Layer.handle [as handle_request] (/home/hcsadmin/code/node_modules/express/lib/router/layer.js:13:3)
    at trim_prefix (/home/hcsadmin/code/node_modules/express/lib/router/index.js:13:10)
    at /home/hcsadmin/code/node_modules/express/lib/router/index.js:13:3
    at Function.process_params (/home/hcsadmin/code/node_modules/express/lib/router/index.js:13:10)
    at next (/home/hcsadmin/code/node_modules/express/lib/router/index.js:13:10)
    at /home/hcsadmin/code/node_modules/quicky/q-apps/index.js:13:10
    at Layer.handle [as handle_request] (/home/hcsadmin/code/node_modules/express/lib/router/layer.js:13:3)
    at trim_prefix (/home/hcsadmin/code/node_modules/express/lib/router/index.js:13:10)
    at /home/hcsadmin/code/node_modules/express/lib/router/index.js:13:3
    at Function.process_params (/home/hcsadmin/code/node_modules/express/lib/router/index.js:13:10)
    at next (/home/hcsadmin/code/node_modules/express/lib/router/index.js:13:10)
    at Immediate.<anonymous> (/home/hcsadmin/code/node_modules/express-session/index.js:13:3)
    at runCallback (timers.js:13:10)
    at tryOnImmediate (timers.js:13:3)
    at processImmediate [as _immediateCallback] (timers.js:13:3)

