[2018-07-09T19:43:44.926] [DEBUG] debug - E:\code\nodejs\quicky-2\packages\quicky\q-apps\extension.js { Error: Cannot find module 'e:\code\nodejs\quicky-2\apps\admin\controllers\categories\production'
    at Function.Module._resolveFilename (module.js:34:10)
    at Function.Module._load (module.js:34:25)
    at Module.require (module.js:34:10)
    at require (internal/module.js:34:10)
    at execHandlerByPath (E:\code\nodejs\quicky-2\packages\quicky\q-apps\extension.js:34:25)
    at E:\code\nodejs\quicky-2\packages\quicky\q-apps\extension.js:34:34
    at Object.authenticate (e:\code\nodejs\quicky-2\apps\admin\index.js:34:3)
    at me.url.owner.handler (E:\code\nodejs\quicky-2\packages\quicky\q-apps\extension.js:34:45)
    at Layer.handle [as handle_request] (E:\code\nodejs\quicky-2\node_modules\express\lib\router\layer.js:34:3)
    at next (E:\code\nodejs\quicky-2\node_modules\express\lib\router\route.js:34:10)
    at Route.dispatch (E:\code\nodejs\quicky-2\node_modules\express\lib\router\route.js:34:3)
    at Layer.handle [as handle_request] (E:\code\nodejs\quicky-2\node_modules\express\lib\router\layer.js:34:3)
    at E:\code\nodejs\quicky-2\node_modules\express\lib\router\index.js:34:10
    at Function.process_params (E:\code\nodejs\quicky-2\node_modules\express\lib\router\index.js:34:10)
    at next (E:\code\nodejs\quicky-2\node_modules\express\lib\router\index.js:34:10)
    at Function.handle (E:\code\nodejs\quicky-2\node_modules\express\lib\router\index.js:34:3)
    at router (E:\code\nodejs\quicky-2\node_modules\express\lib\router\index.js:34:10)
    at Layer.handle [as handle_request] (E:\code\nodejs\quicky-2\node_modules\express\lib\router\layer.js:34:3)
    at trim_prefix (E:\code\nodejs\quicky-2\node_modules\express\lib\router\index.js:34:10)
    at E:\code\nodejs\quicky-2\node_modules\express\lib\router\index.js:34:3
    at Function.process_params (E:\code\nodejs\quicky-2\node_modules\express\lib\router\index.js:34:10)
    at next (E:\code\nodejs\quicky-2\node_modules\express\lib\router\index.js:34:10)
    at Function.handle (E:\code\nodejs\quicky-2\node_modules\express\lib\router\index.js:34:3)
    at router (E:\code\nodejs\quicky-2\node_modules\express\lib\router\index.js:34:10)
    at Layer.handle [as handle_request] (E:\code\nodejs\quicky-2\node_modules\express\lib\router\layer.js:34:3)
    at trim_prefix (E:\code\nodejs\quicky-2\node_modules\express\lib\router\index.js:34:10)
    at E:\code\nodejs\quicky-2\node_modules\express\lib\router\index.js:34:3
    at Function.process_params (E:\code\nodejs\quicky-2\node_modules\express\lib\router\index.js:34:10)
    at next (E:\code\nodejs\quicky-2\node_modules\express\lib\router\index.js:34:10)
    at E:\code\nodejs\quicky-2\packages\quicky\q-apps\index.js:34:10
    at Layer.handle [as handle_request] (E:\code\nodejs\quicky-2\node_modules\express\lib\router\layer.js:34:3)
    at trim_prefix (E:\code\nodejs\quicky-2\node_modules\express\lib\router\index.js:34:10)
    at E:\code\nodejs\quicky-2\node_modules\express\lib\router\index.js:34:3
    at Function.process_params (E:\code\nodejs\quicky-2\node_modules\express\lib\router\index.js:34:10)
    at next (E:\code\nodejs\quicky-2\node_modules\express\lib\router\index.js:34:10)
    at Immediate.<anonymous> (E:\code\nodejs\quicky-2\node_modules\express-session\index.js:34:3)
    at runCallback (timers.js:34:10)
    at tryOnImmediate (timers.js:34:3)
    at processImmediate [as _immediateCallback] (timers.js:34:3)
 code: 'MODULE_NOT_FOUND' }
[2018-07-09T19:48:03.441] [DEBUG] debug - E:\code\nodejs\quicky-2\packages\quicky\q-apps\extension.js { Error: Cannot find module './../models/product'
    at Function.Module._resolveFilename (module.js:20:10)
    at Function.Module._load (module.js:20:25)
    at Module.require (module.js:20:10)
    at require (internal/module.js:20:10)
    at Object.module.exports.require [as handler] (e:\code\nodejs\quicky-2\apps\admin\controllers\categories\production.js:1:17)
    at Object.module.exports [as e:\code\nodejs\quicky-2\apps\admin\controllers\categories\production] (E:\code\nodejs\quicky-2\packages\quicky\q-controller\index.js:20:45)
    at execHandlerByPath (E:\code\nodejs\quicky-2\packages\quicky\q-apps\extension.js:20:25)
    at E:\code\nodejs\quicky-2\packages\quicky\q-apps\extension.js:20:34
    at Object.authenticate (e:\code\nodejs\quicky-2\apps\admin\index.js:20:3)
    at me.url.owner.handler (E:\code\nodejs\quicky-2\packages\quicky\q-apps\extension.js:20:45)
    at Layer.handle [as handle_request] (E:\code\nodejs\quicky-2\node_modules\express\lib\router\layer.js:20:3)
    at next (E:\code\nodejs\quicky-2\node_modules\express\lib\router\route.js:20:10)
    at Route.dispatch (E:\code\nodejs\quicky-2\node_modules\express\lib\router\route.js:20:3)
    at Layer.handle [as handle_request] (E:\code\nodejs\quicky-2\node_modules\express\lib\router\layer.js:20:3)
    at E:\code\nodejs\quicky-2\node_modules\express\lib\router\index.js:20:10
    at Function.process_params (E:\code\nodejs\quicky-2\node_modules\express\lib\router\index.js:20:10)
    at next (E:\code\nodejs\quicky-2\node_modules\express\lib\router\index.js:20:10)
    at Function.handle (E:\code\nodejs\quicky-2\node_modules\express\lib\router\index.js:20:3)
    at router (E:\code\nodejs\quicky-2\node_modules\express\lib\router\index.js:20:10)
    at Layer.handle [as handle_request] (E:\code\nodejs\quicky-2\node_modules\express\lib\router\layer.js:20:3)
    at trim_prefix (E:\code\nodejs\quicky-2\node_modules\express\lib\router\index.js:20:10)
    at E:\code\nodejs\quicky-2\node_modules\express\lib\router\index.js:20:3
    at Function.process_params (E:\code\nodejs\quicky-2\node_modules\express\lib\router\index.js:20:10)
    at next (E:\code\nodejs\quicky-2\node_modules\express\lib\router\index.js:20:10)
    at Function.handle (E:\code\nodejs\quicky-2\node_modules\express\lib\router\index.js:20:3)
    at router (E:\code\nodejs\quicky-2\node_modules\express\lib\router\index.js:20:10)
    at Layer.handle [as handle_request] (E:\code\nodejs\quicky-2\node_modules\express\lib\router\layer.js:20:3)
    at trim_prefix (E:\code\nodejs\quicky-2\node_modules\express\lib\router\index.js:20:10)
    at E:\code\nodejs\quicky-2\node_modules\express\lib\router\index.js:20:3
    at Function.process_params (E:\code\nodejs\quicky-2\node_modules\express\lib\router\index.js:20:10)
    at next (E:\code\nodejs\quicky-2\node_modules\express\lib\router\index.js:20:10)
    at E:\code\nodejs\quicky-2\packages\quicky\q-apps\index.js:20:10
    at Layer.handle [as handle_request] (E:\code\nodejs\quicky-2\node_modules\express\lib\router\layer.js:20:3)
    at trim_prefix (E:\code\nodejs\quicky-2\node_modules\express\lib\router\index.js:20:10)
    at E:\code\nodejs\quicky-2\node_modules\express\lib\router\index.js:20:3
    at Function.process_params (E:\code\nodejs\quicky-2\node_modules\express\lib\router\index.js:20:10)
    at next (E:\code\nodejs\quicky-2\node_modules\express\lib\router\index.js:20:10)
    at Immediate.<anonymous> (E:\code\nodejs\quicky-2\node_modules\express-session\index.js:20:3)
    at runCallback (timers.js:20:10)
    at tryOnImmediate (timers.js:20:3)
    at processImmediate [as _immediateCallback] (timers.js:20:3)
 code: 'MODULE_NOT_FOUND' }
