[2018-07-11T20:49:33.434] [DEBUG] debug - e:\code\nodejs\quicky-2\node_modules\quicky\q-apps\extension.js { Error: Cannot find module 'uuid/v1'
    at Function.Module._resolveFilename (module.js:19:10)
    at Function.Module._load (module.js:19:25)
    at Module.require (module.js:19:10)
    at require (internal/module.js:19:10)
    at Object.<anonymous> (e:\code\nodejs\quicky-2\apps\admin\controllers\categories\product.js:2:15)
    at Module._compile (module.js:19:25)
    at Object.Module._extensions..js (module.js:19:10)
    at Module.load (module.js:19:25)
    at tryModuleLoad (module.js:19:10)
    at Function.Module._load (module.js:19:3)
    at Module.require (module.js:19:10)
    at require (internal/module.js:19:10)
    at execHandlerByPath (e:\code\nodejs\quicky-2\node_modules\quicky\q-apps\extension.js:19:25)
    at e:\code\nodejs\quicky-2\node_modules\quicky\q-apps\extension.js:19:34
    at Object.authenticate (e:\code\nodejs\quicky-2\apps\admin\index.js:19:3)
    at me.url.owner.handler (e:\code\nodejs\quicky-2\node_modules\quicky\q-apps\extension.js:19:45)
    at Layer.handle [as handle_request] (e:\code\nodejs\quicky-2\node_modules\express\lib\router\layer.js:19:3)
    at next (e:\code\nodejs\quicky-2\node_modules\express\lib\router\route.js:19:10)
    at Route.dispatch (e:\code\nodejs\quicky-2\node_modules\express\lib\router\route.js:19:3)
    at Layer.handle [as handle_request] (e:\code\nodejs\quicky-2\node_modules\express\lib\router\layer.js:19:3)
    at e:\code\nodejs\quicky-2\node_modules\express\lib\router\index.js:19:10
    at Function.process_params (e:\code\nodejs\quicky-2\node_modules\express\lib\router\index.js:19:10)
    at next (e:\code\nodejs\quicky-2\node_modules\express\lib\router\index.js:19:10)
    at Function.handle (e:\code\nodejs\quicky-2\node_modules\express\lib\router\index.js:19:3)
    at router (e:\code\nodejs\quicky-2\node_modules\express\lib\router\index.js:19:10)
    at Layer.handle [as handle_request] (e:\code\nodejs\quicky-2\node_modules\express\lib\router\layer.js:19:3)
    at trim_prefix (e:\code\nodejs\quicky-2\node_modules\express\lib\router\index.js:19:10)
    at e:\code\nodejs\quicky-2\node_modules\express\lib\router\index.js:19:3
    at Function.process_params (e:\code\nodejs\quicky-2\node_modules\express\lib\router\index.js:19:10)
    at next (e:\code\nodejs\quicky-2\node_modules\express\lib\router\index.js:19:10)
    at e:\code\nodejs\quicky-2\node_modules\express\lib\router\index.js:19:10
    at next (e:\code\nodejs\quicky-2\node_modules\express\lib\router\index.js:19:10)
    at Function.handle (e:\code\nodejs\quicky-2\node_modules\express\lib\router\index.js:19:3)
    at router (e:\code\nodejs\quicky-2\node_modules\express\lib\router\index.js:19:10)
    at Layer.handle [as handle_request] (e:\code\nodejs\quicky-2\node_modules\express\lib\router\layer.js:19:3)
    at trim_prefix (e:\code\nodejs\quicky-2\node_modules\express\lib\router\index.js:19:10)
    at e:\code\nodejs\quicky-2\node_modules\express\lib\router\index.js:19:3
    at Function.process_params (e:\code\nodejs\quicky-2\node_modules\express\lib\router\index.js:19:10)
    at next (e:\code\nodejs\quicky-2\node_modules\express\lib\router\index.js:19:10)
    at Function.handle (e:\code\nodejs\quicky-2\node_modules\express\lib\router\index.js:19:3)
    at router (e:\code\nodejs\quicky-2\node_modules\express\lib\router\index.js:19:10)
    at Layer.handle [as handle_request] (e:\code\nodejs\quicky-2\node_modules\express\lib\router\layer.js:19:3)
    at trim_prefix (e:\code\nodejs\quicky-2\node_modules\express\lib\router\index.js:19:10)
    at e:\code\nodejs\quicky-2\node_modules\express\lib\router\index.js:19:3
    at Function.process_params (e:\code\nodejs\quicky-2\node_modules\express\lib\router\index.js:19:10)
    at next (e:\code\nodejs\quicky-2\node_modules\express\lib\router\index.js:19:10)
    at e:\code\nodejs\quicky-2\node_modules\quicky\q-apps\index.js:19:10
    at Layer.handle [as handle_request] (e:\code\nodejs\quicky-2\node_modules\express\lib\router\layer.js:19:3)
    at trim_prefix (e:\code\nodejs\quicky-2\node_modules\express\lib\router\index.js:19:10)
    at e:\code\nodejs\quicky-2\node_modules\express\lib\router\index.js:19:3
    at Function.process_params (e:\code\nodejs\quicky-2\node_modules\express\lib\router\index.js:19:10)
    at next (e:\code\nodejs\quicky-2\node_modules\express\lib\router\index.js:19:10)
    at Immediate.<anonymous> (e:\code\nodejs\quicky-2\node_modules\express-session\index.js:19:3)
    at runCallback (timers.js:19:10)
    at tryOnImmediate (timers.js:19:3)
    at processImmediate [as _immediateCallback] (timers.js:19:3)
 code: 'MODULE_NOT_FOUND' }
[2018-07-11T20:49:45.236] [DEBUG] debug - e:\code\nodejs\quicky-2\node_modules\quicky\q-apps\extension.js { Error: Cannot find module 'uuid/v1'
    at Function.Module._resolveFilename (module.js:19:10)
    at Function.Module._load (module.js:19:25)
    at Module.require (module.js:19:10)
    at require (internal/module.js:19:10)
    at Object.<anonymous> (e:\code\nodejs\quicky-2\apps\admin\controllers\categories\product.js:2:15)
    at Module._compile (module.js:19:25)
    at Object.Module._extensions..js (module.js:19:10)
    at Module.load (module.js:19:25)
    at tryModuleLoad (module.js:19:10)
    at Function.Module._load (module.js:19:3)
    at Module.require (module.js:19:10)
    at require (internal/module.js:19:10)
    at execHandlerByPath (e:\code\nodejs\quicky-2\node_modules\quicky\q-apps\extension.js:19:25)
    at e:\code\nodejs\quicky-2\node_modules\quicky\q-apps\extension.js:19:34
    at Object.authenticate (e:\code\nodejs\quicky-2\apps\admin\index.js:19:3)
    at me.url.owner.handler (e:\code\nodejs\quicky-2\node_modules\quicky\q-apps\extension.js:19:45)
    at Layer.handle [as handle_request] (e:\code\nodejs\quicky-2\node_modules\express\lib\router\layer.js:19:3)
    at next (e:\code\nodejs\quicky-2\node_modules\express\lib\router\route.js:19:10)
    at Route.dispatch (e:\code\nodejs\quicky-2\node_modules\express\lib\router\route.js:19:3)
    at Layer.handle [as handle_request] (e:\code\nodejs\quicky-2\node_modules\express\lib\router\layer.js:19:3)
    at e:\code\nodejs\quicky-2\node_modules\express\lib\router\index.js:19:10
    at Function.process_params (e:\code\nodejs\quicky-2\node_modules\express\lib\router\index.js:19:10)
    at next (e:\code\nodejs\quicky-2\node_modules\express\lib\router\index.js:19:10)
    at Function.handle (e:\code\nodejs\quicky-2\node_modules\express\lib\router\index.js:19:3)
    at router (e:\code\nodejs\quicky-2\node_modules\express\lib\router\index.js:19:10)
    at Layer.handle [as handle_request] (e:\code\nodejs\quicky-2\node_modules\express\lib\router\layer.js:19:3)
    at trim_prefix (e:\code\nodejs\quicky-2\node_modules\express\lib\router\index.js:19:10)
    at e:\code\nodejs\quicky-2\node_modules\express\lib\router\index.js:19:3
    at Function.process_params (e:\code\nodejs\quicky-2\node_modules\express\lib\router\index.js:19:10)
    at next (e:\code\nodejs\quicky-2\node_modules\express\lib\router\index.js:19:10)
    at e:\code\nodejs\quicky-2\node_modules\express\lib\router\index.js:19:10
    at next (e:\code\nodejs\quicky-2\node_modules\express\lib\router\index.js:19:10)
    at Function.handle (e:\code\nodejs\quicky-2\node_modules\express\lib\router\index.js:19:3)
    at router (e:\code\nodejs\quicky-2\node_modules\express\lib\router\index.js:19:10)
    at Layer.handle [as handle_request] (e:\code\nodejs\quicky-2\node_modules\express\lib\router\layer.js:19:3)
    at trim_prefix (e:\code\nodejs\quicky-2\node_modules\express\lib\router\index.js:19:10)
    at e:\code\nodejs\quicky-2\node_modules\express\lib\router\index.js:19:3
    at Function.process_params (e:\code\nodejs\quicky-2\node_modules\express\lib\router\index.js:19:10)
    at next (e:\code\nodejs\quicky-2\node_modules\express\lib\router\index.js:19:10)
    at Function.handle (e:\code\nodejs\quicky-2\node_modules\express\lib\router\index.js:19:3)
    at router (e:\code\nodejs\quicky-2\node_modules\express\lib\router\index.js:19:10)
    at Layer.handle [as handle_request] (e:\code\nodejs\quicky-2\node_modules\express\lib\router\layer.js:19:3)
    at trim_prefix (e:\code\nodejs\quicky-2\node_modules\express\lib\router\index.js:19:10)
    at e:\code\nodejs\quicky-2\node_modules\express\lib\router\index.js:19:3
    at Function.process_params (e:\code\nodejs\quicky-2\node_modules\express\lib\router\index.js:19:10)
    at next (e:\code\nodejs\quicky-2\node_modules\express\lib\router\index.js:19:10)
    at e:\code\nodejs\quicky-2\node_modules\quicky\q-apps\index.js:19:10
    at Layer.handle [as handle_request] (e:\code\nodejs\quicky-2\node_modules\express\lib\router\layer.js:19:3)
    at trim_prefix (e:\code\nodejs\quicky-2\node_modules\express\lib\router\index.js:19:10)
    at e:\code\nodejs\quicky-2\node_modules\express\lib\router\index.js:19:3
    at Function.process_params (e:\code\nodejs\quicky-2\node_modules\express\lib\router\index.js:19:10)
    at next (e:\code\nodejs\quicky-2\node_modules\express\lib\router\index.js:19:10)
    at Immediate.<anonymous> (e:\code\nodejs\quicky-2\node_modules\express-session\index.js:19:3)
    at runCallback (timers.js:19:10)
    at tryOnImmediate (timers.js:19:3)
    at processImmediate [as _immediateCallback] (timers.js:19:3)
 code: 'MODULE_NOT_FOUND' }
[2018-07-11T20:49:50.740] [DEBUG] debug - e:\code\nodejs\quicky-2\node_modules\quicky\q-apps\extension.js { Error: Cannot find module 'uuid/v1'
    at Function.Module._resolveFilename (module.js:19:10)
    at Function.Module._load (module.js:19:25)
    at Module.require (module.js:19:10)
    at require (internal/module.js:19:10)
    at Object.<anonymous> (e:\code\nodejs\quicky-2\apps\admin\controllers\categories\product.js:2:15)
    at Module._compile (module.js:19:25)
    at Object.Module._extensions..js (module.js:19:10)
    at Module.load (module.js:19:25)
    at tryModuleLoad (module.js:19:10)
    at Function.Module._load (module.js:19:3)
    at Module.require (module.js:19:10)
    at require (internal/module.js:19:10)
    at execHandlerByPath (e:\code\nodejs\quicky-2\node_modules\quicky\q-apps\extension.js:19:25)
    at e:\code\nodejs\quicky-2\node_modules\quicky\q-apps\extension.js:19:34
    at Object.authenticate (e:\code\nodejs\quicky-2\apps\admin\index.js:19:3)
    at me.url.owner.handler (e:\code\nodejs\quicky-2\node_modules\quicky\q-apps\extension.js:19:45)
    at Layer.handle [as handle_request] (e:\code\nodejs\quicky-2\node_modules\express\lib\router\layer.js:19:3)
    at next (e:\code\nodejs\quicky-2\node_modules\express\lib\router\route.js:19:10)
    at Route.dispatch (e:\code\nodejs\quicky-2\node_modules\express\lib\router\route.js:19:3)
    at Layer.handle [as handle_request] (e:\code\nodejs\quicky-2\node_modules\express\lib\router\layer.js:19:3)
    at e:\code\nodejs\quicky-2\node_modules\express\lib\router\index.js:19:10
    at Function.process_params (e:\code\nodejs\quicky-2\node_modules\express\lib\router\index.js:19:10)
    at next (e:\code\nodejs\quicky-2\node_modules\express\lib\router\index.js:19:10)
    at Function.handle (e:\code\nodejs\quicky-2\node_modules\express\lib\router\index.js:19:3)
    at router (e:\code\nodejs\quicky-2\node_modules\express\lib\router\index.js:19:10)
    at Layer.handle [as handle_request] (e:\code\nodejs\quicky-2\node_modules\express\lib\router\layer.js:19:3)
    at trim_prefix (e:\code\nodejs\quicky-2\node_modules\express\lib\router\index.js:19:10)
    at e:\code\nodejs\quicky-2\node_modules\express\lib\router\index.js:19:3
    at Function.process_params (e:\code\nodejs\quicky-2\node_modules\express\lib\router\index.js:19:10)
    at next (e:\code\nodejs\quicky-2\node_modules\express\lib\router\index.js:19:10)
    at e:\code\nodejs\quicky-2\node_modules\express\lib\router\index.js:19:10
    at next (e:\code\nodejs\quicky-2\node_modules\express\lib\router\index.js:19:10)
    at Function.handle (e:\code\nodejs\quicky-2\node_modules\express\lib\router\index.js:19:3)
    at router (e:\code\nodejs\quicky-2\node_modules\express\lib\router\index.js:19:10)
    at Layer.handle [as handle_request] (e:\code\nodejs\quicky-2\node_modules\express\lib\router\layer.js:19:3)
    at trim_prefix (e:\code\nodejs\quicky-2\node_modules\express\lib\router\index.js:19:10)
    at e:\code\nodejs\quicky-2\node_modules\express\lib\router\index.js:19:3
    at Function.process_params (e:\code\nodejs\quicky-2\node_modules\express\lib\router\index.js:19:10)
    at next (e:\code\nodejs\quicky-2\node_modules\express\lib\router\index.js:19:10)
    at Function.handle (e:\code\nodejs\quicky-2\node_modules\express\lib\router\index.js:19:3)
    at router (e:\code\nodejs\quicky-2\node_modules\express\lib\router\index.js:19:10)
    at Layer.handle [as handle_request] (e:\code\nodejs\quicky-2\node_modules\express\lib\router\layer.js:19:3)
    at trim_prefix (e:\code\nodejs\quicky-2\node_modules\express\lib\router\index.js:19:10)
    at e:\code\nodejs\quicky-2\node_modules\express\lib\router\index.js:19:3
    at Function.process_params (e:\code\nodejs\quicky-2\node_modules\express\lib\router\index.js:19:10)
    at next (e:\code\nodejs\quicky-2\node_modules\express\lib\router\index.js:19:10)
    at e:\code\nodejs\quicky-2\node_modules\quicky\q-apps\index.js:19:10
    at Layer.handle [as handle_request] (e:\code\nodejs\quicky-2\node_modules\express\lib\router\layer.js:19:3)
    at trim_prefix (e:\code\nodejs\quicky-2\node_modules\express\lib\router\index.js:19:10)
    at e:\code\nodejs\quicky-2\node_modules\express\lib\router\index.js:19:3
    at Function.process_params (e:\code\nodejs\quicky-2\node_modules\express\lib\router\index.js:19:10)
    at next (e:\code\nodejs\quicky-2\node_modules\express\lib\router\index.js:19:10)
    at Immediate.<anonymous> (e:\code\nodejs\quicky-2\node_modules\express-session\index.js:19:3)
    at runCallback (timers.js:19:10)
    at tryOnImmediate (timers.js:19:3)
    at processImmediate [as _immediateCallback] (timers.js:19:3)
 code: 'MODULE_NOT_FOUND' }
[2018-07-11T20:52:09.732] [DEBUG] debug - E:\code\nodejs\quicky-2\packages\quicky\q-apps\extension.js Error: Error: ENOENT: no such file or directory, open 'e:\code\nodejs\quicky-2\resources\images\9b1011e0-8511-11e8-b14b-3f8187c53c8d.jpg'
    at sync (E:\code\nodejs\quicky-2\packages\quicky\q-sync\index.js:19:10)
    at Object.exec (E:\code\nodejs\quicky-2\packages\quicky\q-sync\index.js:19:10)
    at saveBase64ToFile (E:\code\nodejs\quicky-2\packages\quicky\q-image\index.js:18:24)
    at Object.saveBase64ImageToFileByApp (E:\code\nodejs\quicky-2\packages\quicky\q-image\index.js:19:10)
    at Object.saveData (e:\code\nodejs\quicky-2\apps\admin\controllers\categories\product.js:19:34)
    at E:\code\nodejs\quicky-2\packages\quicky\q-controller\index.js:19:45
    at Object.load (e:\code\nodejs\quicky-2\apps\admin\controllers\categories\product.js:19:10)
    at Object.module.exports [as e:\code\nodejs\quicky-2\apps\admin\controllers\categories\product] (E:\code\nodejs\quicky-2\packages\quicky\q-controller\index.js:19:10)
    at execHandlerByPath (E:\code\nodejs\quicky-2\packages\quicky\q-apps\extension.js:19:25)
    at E:\code\nodejs\quicky-2\packages\quicky\q-apps\extension.js:19:34
    at Object.authenticate (e:\code\nodejs\quicky-2\apps\admin\index.js:19:3)
    at me.url.owner.handler (E:\code\nodejs\quicky-2\packages\quicky\q-apps\extension.js:19:45)
    at Layer.handle [as handle_request] (E:\code\nodejs\quicky-2\node_modules\express\lib\router\layer.js:19:3)
    at next (E:\code\nodejs\quicky-2\node_modules\express\lib\router\route.js:19:10)
    at Route.dispatch (E:\code\nodejs\quicky-2\node_modules\express\lib\router\route.js:19:3)
    at Layer.handle [as handle_request] (E:\code\nodejs\quicky-2\node_modules\express\lib\router\layer.js:19:3)
    at E:\code\nodejs\quicky-2\node_modules\express\lib\router\index.js:19:10
    at Function.process_params (E:\code\nodejs\quicky-2\node_modules\express\lib\router\index.js:19:10)
    at next (E:\code\nodejs\quicky-2\node_modules\express\lib\router\index.js:19:10)
    at Function.handle (E:\code\nodejs\quicky-2\node_modules\express\lib\router\index.js:19:3)
    at router (E:\code\nodejs\quicky-2\node_modules\express\lib\router\index.js:19:10)
    at Layer.handle [as handle_request] (E:\code\nodejs\quicky-2\node_modules\express\lib\router\layer.js:19:3)
    at trim_prefix (E:\code\nodejs\quicky-2\node_modules\express\lib\router\index.js:19:10)
    at E:\code\nodejs\quicky-2\node_modules\express\lib\router\index.js:19:3
    at Function.process_params (E:\code\nodejs\quicky-2\node_modules\express\lib\router\index.js:19:10)
    at next (E:\code\nodejs\quicky-2\node_modules\express\lib\router\index.js:19:10)
    at E:\code\nodejs\quicky-2\node_modules\express\lib\router\index.js:19:10
    at next (E:\code\nodejs\quicky-2\node_modules\express\lib\router\index.js:19:10)
    at Function.handle (E:\code\nodejs\quicky-2\node_modules\express\lib\router\index.js:19:3)
    at router (E:\code\nodejs\quicky-2\node_modules\express\lib\router\index.js:19:10)
    at Layer.handle [as handle_request] (E:\code\nodejs\quicky-2\node_modules\express\lib\router\layer.js:19:3)
    at trim_prefix (E:\code\nodejs\quicky-2\node_modules\express\lib\router\index.js:19:10)
    at E:\code\nodejs\quicky-2\node_modules\express\lib\router\index.js:19:3
    at Function.process_params (E:\code\nodejs\quicky-2\node_modules\express\lib\router\index.js:19:10)
    at next (E:\code\nodejs\quicky-2\node_modules\express\lib\router\index.js:19:10)
    at Function.handle (E:\code\nodejs\quicky-2\node_modules\express\lib\router\index.js:19:3)
    at router (E:\code\nodejs\quicky-2\node_modules\express\lib\router\index.js:19:10)
    at Layer.handle [as handle_request] (E:\code\nodejs\quicky-2\node_modules\express\lib\router\layer.js:19:3)
    at trim_prefix (E:\code\nodejs\quicky-2\node_modules\express\lib\router\index.js:19:10)
    at E:\code\nodejs\quicky-2\node_modules\express\lib\router\index.js:19:3
    at Function.process_params (E:\code\nodejs\quicky-2\node_modules\express\lib\router\index.js:19:10)
    at next (E:\code\nodejs\quicky-2\node_modules\express\lib\router\index.js:19:10)
    at IncomingMessage.<anonymous> (E:\code\nodejs\quicky-2\packages\quicky\q-apps\index.js:19:10)
    at emitNone (events.js:19:10)
    at IncomingMessage.emit (events.js:19:3)
    at endReadableNT (_stream_readable.js:19:10)
    at _combinedTickCallback (internal/process/next_tick.js:19:10)
    at process._tickCallback (internal/process/next_tick.js:19:3)

