[2018-07-11T19:54:24.028] [INFO] info - e:\code\nodejs\quicky-2\node_modules\quicky\q-apps\index.js load app:{"name":"example","dir":"apps/example","hostDir":"exp","fullHostDir":"e:\\code\\nodejs\\quicky-2\\apps/example","_mdl":{}}
[2018-07-11T19:54:24.034] [INFO] info - e:\code\nodejs\quicky-2\node_modules\quicky\q-apps\index.js load app:{"name":"cms","dir":"apps/cms","fullHostDir":"e:\\code\\nodejs\\quicky-2\\apps/cms","_mdl":{}}
[2018-07-11T19:54:24.104] [INFO] info - e:\code\nodejs\quicky-2\node_modules\quicky\q-apps\index.js load app:{"name":"candidate","dir":"apps/candidate","hostDir":"candidate","fullHostDir":"e:\\code\\nodejs\\quicky-2\\apps/candidate","_mdl":{}}
[2018-07-11T19:54:24.152] [INFO] info - e:\code\nodejs\quicky-2\node_modules\quicky\q-apps\index.js load app:{"name":"candidate-admin","dir":"apps/candidate-admin","hostDir":"candidate-admin","fullHostDir":"e:\\code\\nodejs\\quicky-2\\apps/candidate-admin","_mdl":{}}
[2018-07-11T19:54:24.198] [INFO] info - e:\code\nodejs\quicky-2\node_modules\quicky\q-apps\index.js load app:{"name":"admin","dir":"apps/admin","hostDir":"admin","fullHostDir":"e:\\code\\nodejs\\quicky-2\\apps/admin","_mdl":{}}
[2018-07-11T19:58:35.127] [INFO] info - e:\code\nodejs\quicky-2\node_modules\quicky\q-apps\index.js load app:{"name":"example","dir":"apps/example","hostDir":"exp","fullHostDir":"e:\\code\\nodejs\\quicky-2\\apps/example","_mdl":{}}
[2018-07-11T19:58:35.183] [INFO] info - e:\code\nodejs\quicky-2\node_modules\quicky\q-apps\index.js load app:{"name":"candidate-admin","dir":"apps/candidate-admin","hostDir":"candidate-admin","fullHostDir":"e:\\code\\nodejs\\quicky-2\\apps/candidate-admin","_mdl":{}}
[2018-07-11T19:58:35.198] [INFO] info - e:\code\nodejs\quicky-2\node_modules\quicky\q-apps\index.js load app:{"name":"admin","dir":"apps/admin","hostDir":"admin","fullHostDir":"e:\\code\\nodejs\\quicky-2\\apps/admin","_mdl":{}}
[2018-07-11T19:59:01.613] [INFO] info - e:\code\nodejs\quicky-2\node_modules\quicky\q-apps\index.js load app:{"name":"example","dir":"apps/example","hostDir":"exp","fullHostDir":"e:\\code\\nodejs\\quicky-2\\apps/example","_mdl":{}}
[2018-07-11T19:59:01.629] [INFO] info - e:\code\nodejs\quicky-2\node_modules\quicky\q-apps\index.js load app:{"name":"cms","dir":"apps/cms","fullHostDir":"e:\\code\\nodejs\\quicky-2\\apps/cms","_mdl":{}}
[2018-07-11T19:59:01.664] [INFO] info - e:\code\nodejs\quicky-2\node_modules\quicky\q-apps\index.js load app:{"name":"candidate-admin","dir":"apps/candidate-admin","hostDir":"candidate-admin","fullHostDir":"e:\\code\\nodejs\\quicky-2\\apps/candidate-admin","_mdl":{}}
[2018-07-11T19:59:01.670] [INFO] info - e:\code\nodejs\quicky-2\node_modules\quicky\q-apps\index.js load app:{"name":"admin","dir":"apps/admin","hostDir":"admin","fullHostDir":"e:\\code\\nodejs\\quicky-2\\apps/admin","_mdl":{}}
[2018-07-11T20:03:47.728] [INFO] info - e:\code\nodejs\quicky-2\node_modules\quicky\q-apps\index.js load app:{"name":"example","dir":"apps/example","hostDir":"exp","fullHostDir":"e:\\code\\nodejs\\quicky-2\\apps/example","_mdl":{}}
[2018-07-11T20:03:47.739] [INFO] info - e:\code\nodejs\quicky-2\node_modules\quicky\q-apps\index.js load app:{"name":"cms","dir":"apps/cms","fullHostDir":"e:\\code\\nodejs\\quicky-2\\apps/cms","_mdl":{}}
[2018-07-11T20:03:47.779] [INFO] info - e:\code\nodejs\quicky-2\node_modules\quicky\q-apps\index.js load app:{"name":"candidate-admin","dir":"apps/candidate-admin","hostDir":"candidate-admin","fullHostDir":"e:\\code\\nodejs\\quicky-2\\apps/candidate-admin","_mdl":{}}
[2018-07-11T20:03:47.784] [INFO] info - e:\code\nodejs\quicky-2\node_modules\quicky\q-apps\index.js load app:{"name":"admin","dir":"apps/admin","hostDir":"admin","fullHostDir":"e:\\code\\nodejs\\quicky-2\\apps/admin","_mdl":{}}
[2018-07-11T20:51:10.677] [INFO] info - E:\code\nodejs\quicky-2\packages\quicky\q-apps\index.js load app:{"name":"example","dir":"apps/example","hostDir":"exp","fullHostDir":"e:\\code\\nodejs\\quicky-2\\apps/example","_mdl":{}}
[2018-07-11T20:51:10.677] [INFO] info - E:\code\nodejs\quicky-2\packages\quicky\q-apps\index.js load app:{"name":"cms","dir":"apps/cms","fullHostDir":"e:\\code\\nodejs\\quicky-2\\apps/cms","_mdl":{}}
[2018-07-11T20:51:10.705] [INFO] info - E:\code\nodejs\quicky-2\packages\quicky\q-apps\index.js load app:{"name":"candidate-admin","dir":"apps/candidate-admin","hostDir":"candidate-admin","fullHostDir":"e:\\code\\nodejs\\quicky-2\\apps/candidate-admin","_mdl":{}}
[2018-07-11T20:51:10.709] [INFO] info - E:\code\nodejs\quicky-2\packages\quicky\q-apps\index.js load app:{"name":"admin","dir":"apps/admin","hostDir":"admin","fullHostDir":"e:\\code\\nodejs\\quicky-2\\apps/admin","_mdl":{}}
[2018-07-11T20:53:37.016] [INFO] info - E:\code\nodejs\quicky-2\packages\quicky\q-apps\index.js load app:{"name":"example","dir":"apps/example","hostDir":"exp","fullHostDir":"e:\\code\\nodejs\\quicky-2\\apps/example","_mdl":{}}
[2018-07-11T20:53:37.016] [INFO] info - E:\code\nodejs\quicky-2\packages\quicky\q-apps\index.js load app:{"name":"cms","dir":"apps/cms","fullHostDir":"e:\\code\\nodejs\\quicky-2\\apps/cms","_mdl":{}}
[2018-07-11T20:53:37.032] [INFO] info - E:\code\nodejs\quicky-2\packages\quicky\q-apps\index.js load app:{"name":"candidate-admin","dir":"apps/candidate-admin","hostDir":"candidate-admin","fullHostDir":"e:\\code\\nodejs\\quicky-2\\apps/candidate-admin","_mdl":{}}
[2018-07-11T20:53:37.032] [INFO] info - E:\code\nodejs\quicky-2\packages\quicky\q-apps\index.js load app:{"name":"admin","dir":"apps/admin","hostDir":"admin","fullHostDir":"e:\\code\\nodejs\\quicky-2\\apps/admin","_mdl":{}}
