[2018-07-12T14:52:45.117] [INFO] info - /home/hcsadmin/code/node_modules/quicky/q-apps/index.js load app:{"name":"example","dir":"apps/example","hostDir":"exp","fullHostDir":"/home/hcsadmin/code/apps/example","_mdl":{}}
[2018-07-12T14:52:45.118] [INFO] info - /home/hcsadmin/code/node_modules/quicky/q-apps/index.js load app:{"name":"cms","dir":"apps/cms","fullHostDir":"/home/hcsadmin/code/apps/cms","_mdl":{}}
[2018-07-12T14:52:45.127] [INFO] info - /home/hcsadmin/code/node_modules/quicky/q-apps/index.js load app:{"name":"candidate-admin","dir":"apps/candidate-admin","hostDir":"candidate-admin","fullHostDir":"/home/hcsadmin/code/apps/candidate-admin","_mdl":{}}
[2018-07-12T14:52:45.128] [INFO] info - /home/hcsadmin/code/node_modules/quicky/q-apps/index.js load app:{"name":"admin","dir":"apps/admin","hostDir":"admin","fullHostDir":"/home/hcsadmin/code/apps/admin","_mdl":{}}
[2018-07-12T19:58:42.163] [INFO] info - E:\code\nodejs\quicky-2\packages\quicky\q-apps\index.js load app:{"name":"example","dir":"apps/example","hostDir":"exp","fullHostDir":"e:\\code\\nodejs\\quicky-2\\apps/example","_mdl":{}}
[2018-07-12T19:58:42.166] [INFO] info - E:\code\nodejs\quicky-2\packages\quicky\q-apps\index.js load app:{"name":"cms","dir":"apps/cms","fullHostDir":"e:\\code\\nodejs\\quicky-2\\apps/cms","_mdl":{}}
[2018-07-12T19:58:42.244] [INFO] info - E:\code\nodejs\quicky-2\packages\quicky\q-apps\index.js load app:{"name":"candidate-admin","dir":"apps/candidate-admin","hostDir":"candidate-admin","fullHostDir":"e:\\code\\nodejs\\quicky-2\\apps/candidate-admin","_mdl":{}}
[2018-07-12T19:58:42.257] [INFO] info - E:\code\nodejs\quicky-2\packages\quicky\q-apps\index.js load app:{"name":"admin","dir":"apps/admin","hostDir":"admin","fullHostDir":"e:\\code\\nodejs\\quicky-2\\apps/admin","_mdl":{}}
[2018-07-12T20:13:43.353] [INFO] info - E:\code\nodejs\quicky-2\packages\quicky\q-apps\index.js load app:{"name":"example","dir":"apps/example","hostDir":"exp","fullHostDir":"e:\\code\\nodejs\\quicky-2\\apps/example","_mdl":{}}
[2018-07-12T20:13:43.356] [INFO] info - E:\code\nodejs\quicky-2\packages\quicky\q-apps\index.js load app:{"name":"cms","dir":"apps/cms","fullHostDir":"e:\\code\\nodejs\\quicky-2\\apps/cms","_mdl":{}}
[2018-07-12T20:13:43.380] [INFO] info - E:\code\nodejs\quicky-2\packages\quicky\q-apps\index.js load app:{"name":"candidate-admin","dir":"apps/candidate-admin","hostDir":"candidate-admin","fullHostDir":"e:\\code\\nodejs\\quicky-2\\apps/candidate-admin","_mdl":{}}
[2018-07-12T20:13:43.383] [INFO] info - E:\code\nodejs\quicky-2\packages\quicky\q-apps\index.js load app:{"name":"admin","dir":"apps/admin","hostDir":"admin","fullHostDir":"e:\\code\\nodejs\\quicky-2\\apps/admin","_mdl":{}}
[2018-07-12T20:32:32.375] [INFO] info - E:\code\nodejs\quicky-2\packages\quicky\q-apps\index.js load app:{"name":"example","dir":"apps/example","hostDir":"exp","fullHostDir":"e:\\code\\nodejs\\quicky-2\\apps/example","_mdl":{}}
[2018-07-12T20:32:32.378] [INFO] info - E:\code\nodejs\quicky-2\packages\quicky\q-apps\index.js load app:{"name":"cms","dir":"apps/cms","fullHostDir":"e:\\code\\nodejs\\quicky-2\\apps/cms","_mdl":{}}
[2018-07-12T20:32:32.402] [INFO] info - E:\code\nodejs\quicky-2\packages\quicky\q-apps\index.js load app:{"name":"candidate-admin","dir":"apps/candidate-admin","hostDir":"candidate-admin","fullHostDir":"e:\\code\\nodejs\\quicky-2\\apps/candidate-admin","_mdl":{}}
[2018-07-12T20:32:32.406] [INFO] info - E:\code\nodejs\quicky-2\packages\quicky\q-apps\index.js load app:{"name":"admin","dir":"apps/admin","hostDir":"admin","fullHostDir":"e:\\code\\nodejs\\quicky-2\\apps/admin","_mdl":{}}
[2018-07-12T21:23:57.741] [INFO] info - E:\code\nodejs\quicky-2\packages\quicky\q-apps\index.js load app:{"name":"example","dir":"apps/example","hostDir":"exp","fullHostDir":"e:\\code\\nodejs\\quicky-2\\apps/example","_mdl":{}}
[2018-07-12T21:23:57.744] [INFO] info - E:\code\nodejs\quicky-2\packages\quicky\q-apps\index.js load app:{"name":"cms","dir":"apps/cms","fullHostDir":"e:\\code\\nodejs\\quicky-2\\apps/cms","_mdl":{}}
[2018-07-12T21:23:57.769] [INFO] info - E:\code\nodejs\quicky-2\packages\quicky\q-apps\index.js load app:{"name":"candidate-admin","dir":"apps/candidate-admin","hostDir":"candidate-admin","fullHostDir":"e:\\code\\nodejs\\quicky-2\\apps/candidate-admin","_mdl":{}}
[2018-07-12T21:23:57.773] [INFO] info - E:\code\nodejs\quicky-2\packages\quicky\q-apps\index.js load app:{"name":"admin","dir":"apps/admin","hostDir":"admin","fullHostDir":"e:\\code\\nodejs\\quicky-2\\apps/admin","_mdl":{}}
[2018-07-12T21:51:05.672] [INFO] info - E:\code\nodejs\quicky-2\packages\quicky\q-apps\index.js load app:{"name":"example","dir":"apps/example","hostDir":"exp","fullHostDir":"e:\\code\\nodejs\\quicky-2\\apps/example","_mdl":{}}
[2018-07-12T21:51:05.675] [INFO] info - E:\code\nodejs\quicky-2\packages\quicky\q-apps\index.js load app:{"name":"cms","dir":"apps/cms","fullHostDir":"e:\\code\\nodejs\\quicky-2\\apps/cms","_mdl":{}}
[2018-07-12T21:51:05.698] [INFO] info - E:\code\nodejs\quicky-2\packages\quicky\q-apps\index.js load app:{"name":"candidate-admin","dir":"apps/candidate-admin","hostDir":"candidate-admin","fullHostDir":"e:\\code\\nodejs\\quicky-2\\apps/candidate-admin","_mdl":{}}
[2018-07-12T21:51:05.702] [INFO] info - E:\code\nodejs\quicky-2\packages\quicky\q-apps\index.js load app:{"name":"admin","dir":"apps/admin","hostDir":"admin","fullHostDir":"e:\\code\\nodejs\\quicky-2\\apps/admin","_mdl":{}}
[2018-07-12T21:54:00.828] [INFO] info - E:\code\nodejs\quicky-2\packages\quicky\q-apps\index.js load app:{"name":"example","dir":"apps/example","hostDir":"exp","fullHostDir":"e:\\code\\nodejs\\quicky-2\\apps/example","_mdl":{}}
[2018-07-12T21:54:00.832] [INFO] info - E:\code\nodejs\quicky-2\packages\quicky\q-apps\index.js load app:{"name":"cms","dir":"apps/cms","fullHostDir":"e:\\code\\nodejs\\quicky-2\\apps/cms","_mdl":{}}
[2018-07-12T21:54:00.852] [INFO] info - E:\code\nodejs\quicky-2\packages\quicky\q-apps\index.js load app:{"name":"candidate-admin","dir":"apps/candidate-admin","hostDir":"candidate-admin","fullHostDir":"e:\\code\\nodejs\\quicky-2\\apps/candidate-admin","_mdl":{}}
[2018-07-12T21:54:00.855] [INFO] info - E:\code\nodejs\quicky-2\packages\quicky\q-apps\index.js load app:{"name":"admin","dir":"apps/admin","hostDir":"admin","fullHostDir":"e:\\code\\nodejs\\quicky-2\\apps/admin","_mdl":{}}
[2018-07-12T21:56:30.857] [INFO] info - E:\code\nodejs\quicky-2\packages\quicky\q-apps\index.js load app:{"name":"example","dir":"apps/example","hostDir":"exp","fullHostDir":"e:\\code\\nodejs\\quicky-2\\apps/example","_mdl":{}}
[2018-07-12T21:56:30.860] [INFO] info - E:\code\nodejs\quicky-2\packages\quicky\q-apps\index.js load app:{"name":"cms","dir":"apps/cms","fullHostDir":"e:\\code\\nodejs\\quicky-2\\apps/cms","_mdl":{}}
[2018-07-12T21:56:30.880] [INFO] info - E:\code\nodejs\quicky-2\packages\quicky\q-apps\index.js load app:{"name":"candidate-admin","dir":"apps/candidate-admin","hostDir":"candidate-admin","fullHostDir":"e:\\code\\nodejs\\quicky-2\\apps/candidate-admin","_mdl":{}}
[2018-07-12T21:56:30.883] [INFO] info - E:\code\nodejs\quicky-2\packages\quicky\q-apps\index.js load app:{"name":"admin","dir":"apps/admin","hostDir":"admin","fullHostDir":"e:\\code\\nodejs\\quicky-2\\apps/admin","_mdl":{}}
[2018-07-12T22:01:58.469] [INFO] info - E:\code\nodejs\quicky-2\packages\quicky\q-apps\index.js load app:{"name":"example","dir":"apps/example","hostDir":"exp","fullHostDir":"e:\\code\\nodejs\\quicky-2\\apps/example","_mdl":{}}
[2018-07-12T22:01:58.473] [INFO] info - E:\code\nodejs\quicky-2\packages\quicky\q-apps\index.js load app:{"name":"cms","dir":"apps/cms","fullHostDir":"e:\\code\\nodejs\\quicky-2\\apps/cms","_mdl":{}}
[2018-07-12T22:01:58.495] [INFO] info - E:\code\nodejs\quicky-2\packages\quicky\q-apps\index.js load app:{"name":"candidate-admin","dir":"apps/candidate-admin","hostDir":"candidate-admin","fullHostDir":"e:\\code\\nodejs\\quicky-2\\apps/candidate-admin","_mdl":{}}
[2018-07-12T22:01:58.498] [INFO] info - E:\code\nodejs\quicky-2\packages\quicky\q-apps\index.js load app:{"name":"admin","dir":"apps/admin","hostDir":"admin","fullHostDir":"e:\\code\\nodejs\\quicky-2\\apps/admin","_mdl":{}}
[2018-07-12T22:08:29.565] [INFO] info - E:\code\nodejs\quicky-2\packages\quicky\q-apps\index.js load app:{"name":"example","dir":"apps/example","hostDir":"exp","fullHostDir":"e:\\code\\nodejs\\quicky-2\\apps/example","_mdl":{}}
[2018-07-12T22:08:29.569] [INFO] info - E:\code\nodejs\quicky-2\packages\quicky\q-apps\index.js load app:{"name":"cms","dir":"apps/cms","fullHostDir":"e:\\code\\nodejs\\quicky-2\\apps/cms","_mdl":{}}
[2018-07-12T22:08:29.589] [INFO] info - E:\code\nodejs\quicky-2\packages\quicky\q-apps\index.js load app:{"name":"candidate-admin","dir":"apps/candidate-admin","hostDir":"candidate-admin","fullHostDir":"e:\\code\\nodejs\\quicky-2\\apps/candidate-admin","_mdl":{}}
[2018-07-12T22:08:29.592] [INFO] info - E:\code\nodejs\quicky-2\packages\quicky\q-apps\index.js load app:{"name":"admin","dir":"apps/admin","hostDir":"admin","fullHostDir":"e:\\code\\nodejs\\quicky-2\\apps/admin","_mdl":{}}
[2018-07-12T22:09:24.736] [INFO] info - E:\code\nodejs\quicky-2\packages\quicky\q-apps\index.js load app:{"name":"example","dir":"apps/example","hostDir":"exp","fullHostDir":"e:\\code\\nodejs\\quicky-2\\apps/example","_mdl":{}}
[2018-07-12T22:09:24.740] [INFO] info - E:\code\nodejs\quicky-2\packages\quicky\q-apps\index.js load app:{"name":"cms","dir":"apps/cms","fullHostDir":"e:\\code\\nodejs\\quicky-2\\apps/cms","_mdl":{}}
[2018-07-12T22:09:24.763] [INFO] info - E:\code\nodejs\quicky-2\packages\quicky\q-apps\index.js load app:{"name":"candidate-admin","dir":"apps/candidate-admin","hostDir":"candidate-admin","fullHostDir":"e:\\code\\nodejs\\quicky-2\\apps/candidate-admin","_mdl":{}}
[2018-07-12T22:09:24.768] [INFO] info - E:\code\nodejs\quicky-2\packages\quicky\q-apps\index.js load app:{"name":"admin","dir":"apps/admin","hostDir":"admin","fullHostDir":"e:\\code\\nodejs\\quicky-2\\apps/admin","_mdl":{}}
