[2018-07-10T20:55:44.413] [INFO] info - E:\code\nodejs\quicky-2\packages\quicky\q-apps\index.js load app:{"name":"example","dir":"apps/example","hostDir":"exp","fullHostDir":"e:\\code\\nodejs\\quicky-2\\apps/example","_mdl":{}}
[2018-07-10T20:55:44.423] [INFO] info - E:\code\nodejs\quicky-2\packages\quicky\q-apps\index.js load app:{"name":"cms","dir":"apps/cms","hostDir":"cms","fullHostDir":"e:\\code\\nodejs\\quicky-2\\apps/cms","_mdl":{}}
[2018-07-10T20:55:44.469] [INFO] info - E:\code\nodejs\quicky-2\packages\quicky\q-apps\index.js load app:{"name":"candidate","dir":"apps/candidate","hostDir":"candidate","fullHostDir":"e:\\code\\nodejs\\quicky-2\\apps/candidate","_mdl":{}}
[2018-07-10T20:55:44.539] [INFO] info - E:\code\nodejs\quicky-2\packages\quicky\q-apps\index.js load app:{"name":"candidate-admin","dir":"apps/candidate-admin","hostDir":"candidate-admin","fullHostDir":"e:\\code\\nodejs\\quicky-2\\apps/candidate-admin","_mdl":{}}
[2018-07-10T20:55:44.542] [INFO] info - E:\code\nodejs\quicky-2\packages\quicky\q-apps\index.js load app:{"name":"admin","dir":"apps/admin","hostDir":"admin","fullHostDir":"e:\\code\\nodejs\\quicky-2\\apps/admin","_mdl":{}}
[2018-07-10T20:58:54.107] [INFO] info - E:\code\nodejs\quicky-2\packages\quicky\q-apps\index.js load app:{"name":"example","dir":"apps/example","hostDir":"exp","fullHostDir":"e:\\code\\nodejs\\quicky-2\\apps/example","_mdl":{}}
[2018-07-10T20:58:54.113] [INFO] info - E:\code\nodejs\quicky-2\packages\quicky\q-apps\index.js load app:{"name":"cms","dir":"apps/cms","fullHostDir":"e:\\code\\nodejs\\quicky-2\\apps/cms","_mdl":{}}
[2018-07-10T20:58:54.130] [INFO] info - E:\code\nodejs\quicky-2\packages\quicky\q-apps\index.js load app:{"name":"candidate","dir":"apps/candidate","hostDir":"candidate","fullHostDir":"e:\\code\\nodejs\\quicky-2\\apps/candidate","_mdl":{}}
[2018-07-10T20:58:54.146] [INFO] info - E:\code\nodejs\quicky-2\packages\quicky\q-apps\index.js load app:{"name":"candidate-admin","dir":"apps/candidate-admin","hostDir":"candidate-admin","fullHostDir":"e:\\code\\nodejs\\quicky-2\\apps/candidate-admin","_mdl":{}}
[2018-07-10T20:58:54.149] [INFO] info - E:\code\nodejs\quicky-2\packages\quicky\q-apps\index.js load app:{"name":"admin","dir":"apps/admin","hostDir":"admin","fullHostDir":"e:\\code\\nodejs\\quicky-2\\apps/admin","_mdl":{}}
[2018-07-10T20:59:43.008] [INFO] info - E:\code\nodejs\quicky-2\packages\quicky\q-apps\index.js load app:{"name":"example","dir":"apps/example","hostDir":"exp","fullHostDir":"e:\\code\\nodejs\\quicky-2\\apps/example","_mdl":{}}
[2018-07-10T20:59:43.014] [INFO] info - E:\code\nodejs\quicky-2\packages\quicky\q-apps\index.js load app:{"name":"cms","dir":"apps/cms","fullHostDir":"e:\\code\\nodejs\\quicky-2\\apps/cms","_mdl":{}}
[2018-07-10T20:59:43.032] [INFO] info - E:\code\nodejs\quicky-2\packages\quicky\q-apps\index.js load app:{"name":"candidate","dir":"apps/candidate","hostDir":"candidate","fullHostDir":"e:\\code\\nodejs\\quicky-2\\apps/candidate","_mdl":{}}
[2018-07-10T20:59:43.050] [INFO] info - E:\code\nodejs\quicky-2\packages\quicky\q-apps\index.js load app:{"name":"candidate-admin","dir":"apps/candidate-admin","hostDir":"candidate-admin","fullHostDir":"e:\\code\\nodejs\\quicky-2\\apps/candidate-admin","_mdl":{}}
[2018-07-10T20:59:43.055] [INFO] info - E:\code\nodejs\quicky-2\packages\quicky\q-apps\index.js load app:{"name":"admin","dir":"apps/admin","hostDir":"admin","fullHostDir":"e:\\code\\nodejs\\quicky-2\\apps/admin","_mdl":{}}
[2018-07-10T21:18:01.686] [INFO] info - E:\code\nodejs\quicky-2\packages\quicky\q-apps\index.js load app:{"name":"example","dir":"apps/example","hostDir":"exp","fullHostDir":"e:\\code\\nodejs\\quicky-2\\apps/example","_mdl":{}}
[2018-07-10T21:18:01.693] [INFO] info - E:\code\nodejs\quicky-2\packages\quicky\q-apps\index.js load app:{"name":"cms","dir":"apps/cms","fullHostDir":"e:\\code\\nodejs\\quicky-2\\apps/cms","_mdl":{}}
[2018-07-10T21:18:01.714] [INFO] info - E:\code\nodejs\quicky-2\packages\quicky\q-apps\index.js load app:{"name":"candidate","dir":"apps/candidate","hostDir":"candidate","fullHostDir":"e:\\code\\nodejs\\quicky-2\\apps/candidate","_mdl":{}}
[2018-07-10T21:18:01.730] [INFO] info - E:\code\nodejs\quicky-2\packages\quicky\q-apps\index.js load app:{"name":"candidate-admin","dir":"apps/candidate-admin","hostDir":"candidate-admin","fullHostDir":"e:\\code\\nodejs\\quicky-2\\apps/candidate-admin","_mdl":{}}
[2018-07-10T21:18:01.734] [INFO] info - E:\code\nodejs\quicky-2\packages\quicky\q-apps\index.js load app:{"name":"admin","dir":"apps/admin","hostDir":"admin","fullHostDir":"e:\\code\\nodejs\\quicky-2\\apps/admin","_mdl":{}}
