[2018-07-09T19:43:08.785] [INFO] info - E:\code\nodejs\quicky-2\packages\quicky\q-apps\index.js load app:{"name":"example","dir":"apps/example","hostDir":"exp","fullHostDir":"e:\\code\\nodejs\\quicky-2\\apps/example","_mdl":{}}
[2018-07-09T19:43:08.792] [INFO] info - E:\code\nodejs\quicky-2\packages\quicky\q-apps\index.js load app:{"name":"cms","dir":"apps/cms","hostDir":"cms","fullHostDir":"e:\\code\\nodejs\\quicky-2\\apps/cms","_mdl":{}}
[2018-07-09T19:43:08.855] [INFO] info - E:\code\nodejs\quicky-2\packages\quicky\q-apps\index.js load app:{"name":"candidate","dir":"apps/candidate","hostDir":"candidate","fullHostDir":"e:\\code\\nodejs\\quicky-2\\apps/candidate","_mdl":{}}
[2018-07-09T19:43:08.870] [INFO] info - E:\code\nodejs\quicky-2\packages\quicky\q-apps\index.js load app:{"name":"candidate-admin","dir":"apps/candidate-admin","hostDir":"candidate-admin","fullHostDir":"e:\\code\\nodejs\\quicky-2\\apps/candidate-admin","_mdl":{}}
[2018-07-09T19:43:08.886] [INFO] info - E:\code\nodejs\quicky-2\packages\quicky\q-apps\index.js load app:{"name":"admin","dir":"apps/admin","hostDir":"admin","fullHostDir":"e:\\code\\nodejs\\quicky-2\\apps/admin","_mdl":{}}
[2018-07-09T19:46:29.188] [INFO] info - E:\code\nodejs\quicky-2\packages\quicky\q-apps\index.js load app:{"name":"example","dir":"apps/example","hostDir":"exp","fullHostDir":"e:\\code\\nodejs\\quicky-2\\apps/example","_mdl":{}}
[2018-07-09T19:46:29.203] [INFO] info - E:\code\nodejs\quicky-2\packages\quicky\q-apps\index.js load app:{"name":"cms","dir":"apps/cms","hostDir":"cms","fullHostDir":"e:\\code\\nodejs\\quicky-2\\apps/cms","_mdl":{}}
[2018-07-09T19:46:29.219] [INFO] info - E:\code\nodejs\quicky-2\packages\quicky\q-apps\index.js load app:{"name":"candidate","dir":"apps/candidate","hostDir":"candidate","fullHostDir":"e:\\code\\nodejs\\quicky-2\\apps/candidate","_mdl":{}}
[2018-07-09T19:46:29.219] [INFO] info - E:\code\nodejs\quicky-2\packages\quicky\q-apps\index.js load app:{"name":"candidate-admin","dir":"apps/candidate-admin","hostDir":"candidate-admin","fullHostDir":"e:\\code\\nodejs\\quicky-2\\apps/candidate-admin","_mdl":{}}
[2018-07-09T19:46:29.235] [INFO] info - E:\code\nodejs\quicky-2\packages\quicky\q-apps\index.js load app:{"name":"admin","dir":"apps/admin","hostDir":"admin","fullHostDir":"e:\\code\\nodejs\\quicky-2\\apps/admin","_mdl":{}}
[2018-07-09T19:47:32.645] [INFO] info - E:\code\nodejs\quicky-2\packages\quicky\q-apps\index.js load app:{"name":"example","dir":"apps/example","hostDir":"exp","fullHostDir":"e:\\code\\nodejs\\quicky-2\\apps/example","_mdl":{}}
[2018-07-09T19:47:32.651] [INFO] info - E:\code\nodejs\quicky-2\packages\quicky\q-apps\index.js load app:{"name":"cms","dir":"apps/cms","hostDir":"cms","fullHostDir":"e:\\code\\nodejs\\quicky-2\\apps/cms","_mdl":{}}
[2018-07-09T19:47:32.668] [INFO] info - E:\code\nodejs\quicky-2\packages\quicky\q-apps\index.js load app:{"name":"candidate","dir":"apps/candidate","hostDir":"candidate","fullHostDir":"e:\\code\\nodejs\\quicky-2\\apps/candidate","_mdl":{}}
[2018-07-09T19:47:32.689] [INFO] info - E:\code\nodejs\quicky-2\packages\quicky\q-apps\index.js load app:{"name":"candidate-admin","dir":"apps/candidate-admin","hostDir":"candidate-admin","fullHostDir":"e:\\code\\nodejs\\quicky-2\\apps/candidate-admin","_mdl":{}}
[2018-07-09T19:47:32.692] [INFO] info - E:\code\nodejs\quicky-2\packages\quicky\q-apps\index.js load app:{"name":"admin","dir":"apps/admin","hostDir":"admin","fullHostDir":"e:\\code\\nodejs\\quicky-2\\apps/admin","_mdl":{}}
[2018-07-09T19:49:09.245] [INFO] info - E:\code\nodejs\quicky-2\packages\quicky\q-apps\index.js load app:{"name":"example","dir":"apps/example","hostDir":"exp","fullHostDir":"e:\\code\\nodejs\\quicky-2\\apps/example","_mdl":{}}
[2018-07-09T19:49:09.250] [INFO] info - E:\code\nodejs\quicky-2\packages\quicky\q-apps\index.js load app:{"name":"cms","dir":"apps/cms","hostDir":"cms","fullHostDir":"e:\\code\\nodejs\\quicky-2\\apps/cms","_mdl":{}}
[2018-07-09T19:49:09.268] [INFO] info - E:\code\nodejs\quicky-2\packages\quicky\q-apps\index.js load app:{"name":"candidate","dir":"apps/candidate","hostDir":"candidate","fullHostDir":"e:\\code\\nodejs\\quicky-2\\apps/candidate","_mdl":{}}
[2018-07-09T19:49:09.288] [INFO] info - E:\code\nodejs\quicky-2\packages\quicky\q-apps\index.js load app:{"name":"candidate-admin","dir":"apps/candidate-admin","hostDir":"candidate-admin","fullHostDir":"e:\\code\\nodejs\\quicky-2\\apps/candidate-admin","_mdl":{}}
[2018-07-09T19:49:09.292] [INFO] info - E:\code\nodejs\quicky-2\packages\quicky\q-apps\index.js load app:{"name":"admin","dir":"apps/admin","hostDir":"admin","fullHostDir":"e:\\code\\nodejs\\quicky-2\\apps/admin","_mdl":{}}
